<?xml version="1.0" encoding="UTF-8"?>
<testng-results ignored="0" total="1" passed="1" failed="0" skipped="0">
  <reporter-output>
    <line>
      <![CDATA[Beforesuite]]>
    </line>
    <line>
      <![CDATA[BeforeTest]]>
    </line>
    <line>
      <![CDATA[Beforeclass]]>
    </line>
    <line>
      <![CDATA[Beforemethod]]>
    </line>
    <line>
      <![CDATA[Testmethod]]>
    </line>
    <line>
      <![CDATA[Aftermethod]]>
    </line>
    <line>
      <![CDATA[Afterclass]]>
    </line>
    <line>
      <![CDATA[AfterTest]]>
    </line>
    <line>
      <![CDATA[Aftersuite]]>
    </line>
  </reporter-output>
  <suite started-at="2021-03-17T10:03:45 IST" name="Default suite" finished-at="2021-03-17T10:03:46 IST" duration-ms="95">
    <groups>
    </groups>
    <test started-at="2021-03-17T10:03:45 IST" name="Default test" finished-at="2021-03-17T10:03:46 IST" duration-ms="95">
      <class name="demo.Test3">
        <test-method is-config="true" signature="BS()[pri:0, instance:demo.Test3@2a266d09]" started-at="2021-03-17T10:03:45 IST" name="BS" finished-at="2021-03-17T10:03:45 IST" duration-ms="22" status="PASS">
          <reporter-output>
            <line>
              <![CDATA[Beforesuite]]>
            </line>
          </reporter-output>
        </test-method> <!-- BS -->
        <test-method is-config="true" signature="BT()[pri:0, instance:demo.Test3@2a266d09]" started-at="2021-03-17T10:03:45 IST" name="BT" finished-at="2021-03-17T10:03:45 IST" duration-ms="3" status="PASS">
          <reporter-output>
            <line>
              <![CDATA[BeforeTest]]>
            </line>
          </reporter-output>
        </test-method> <!-- BT -->
        <test-method is-config="true" signature="BC()[pri:0, instance:demo.Test3@2a266d09]" started-at="2021-03-17T10:03:46 IST" name="BC" finished-at="2021-03-17T10:03:46 IST" duration-ms="0" status="PASS">
          <reporter-output>
            <line>
              <![CDATA[Beforeclass]]>
            </line>
          </reporter-output>
        </test-method> <!-- BC -->
        <test-method is-config="true" signature="BM()[pri:0, instance:demo.Test3@2a266d09]" started-at="2021-03-17T10:03:46 IST" name="BM" finished-at="2021-03-17T10:03:46 IST" duration-ms="1" status="PASS">
          <reporter-output>
            <line>
              <![CDATA[Beforemethod]]>
            </line>
          </reporter-output>
        </test-method> <!-- BM -->
        <test-method signature="test()[pri:0, instance:demo.Test3@2a266d09]" started-at="2021-03-17T10:03:46 IST" name="test" finished-at="2021-03-17T10:03:46 IST" duration-ms="13" status="PASS">
          <reporter-output>
            <line>
              <![CDATA[Testmethod]]>
            </line>
          </reporter-output>
        </test-method> <!-- test -->
        <test-method is-config="true" signature="AM()[pri:0, instance:demo.Test3@2a266d09]" started-at="2021-03-17T10:03:46 IST" name="AM" finished-at="2021-03-17T10:03:46 IST" duration-ms="0" status="PASS">
          <reporter-output>
            <line>
              <![CDATA[Aftermethod]]>
            </line>
          </reporter-output>
        </test-method> <!-- AM -->
        <test-method is-config="true" signature="AC()[pri:0, instance:demo.Test3@2a266d09]" started-at="2021-03-17T10:03:46 IST" name="AC" finished-at="2021-03-17T10:03:46 IST" duration-ms="1" status="PASS">
          <reporter-output>
            <line>
              <![CDATA[Afterclass]]>
            </line>
          </reporter-output>
        </test-method> <!-- AC -->
        <test-method is-config="true" signature="AT()[pri:0, instance:demo.Test3@2a266d09]" started-at="2021-03-17T10:03:46 IST" name="AT" finished-at="2021-03-17T10:03:46 IST" duration-ms="1" status="PASS">
          <reporter-output>
            <line>
              <![CDATA[AfterTest]]>
            </line>
          </reporter-output>
        </test-method> <!-- AT -->
        <test-method is-config="true" signature="AS()[pri:0, instance:demo.Test3@2a266d09]" started-at="2021-03-17T10:03:46 IST" name="AS" finished-at="2021-03-17T10:03:46 IST" duration-ms="0" status="PASS">
          <reporter-output>
            <line>
              <![CDATA[Aftersuite]]>
            </line>
          </reporter-output>
        </test-method> <!-- AS -->
      </class> <!-- demo.Test3 -->
    </test> <!-- Default test -->
  </suite> <!-- Default suite -->
</testng-results>
